2024-06-23 21:10:48, ini, juego23, inicio-juego
2024-06-23 21:10:50, ini, juego23, crea-equipo, Team B, Claudio
2024-06-23 21:10:52, ini, juego23, inicio-juego
2024-06-23 21:10:53, fin, juego23, crea-equipo, Team B, Claudio
2024-06-23 21:10:53, ini, juego23, crea-jugador, Team B, Claudio
2024-06-23 21:10:54, ini, juego23, crea-jugador, Team B, Francisco
2024-06-23 21:10:55, fin, juego23, crea-jugador, Team B, Claudio
2024-06-23 21:10:55, ini, juego23, inicio-partida
2024-06-23 21:10:56, ini, juego23, inicio-partida
2024-06-23 21:10:56, fin, juego23, crea-jugador, Team B, Francisco
2024-06-23 21:10:57, fin, juego23, inicio-partida
2024-06-23 21:10:58, fin, juego23, inicio-partida
2024-06-23 21:11:00, ini, juego23, inicio-juego
2024-06-23 21:11:02, ini, juego23, crea-equipo, Team A, Pepito
2024-06-23 21:11:04, ini, juego23, crea-jugador, Team A, Pepito
2024-06-23 21:11:04, fin, juego23, crea-equipo, Team A, Pepito
2024-06-23 21:11:06, ini, juego23, inicio-partida
2024-06-23 21:11:06, fin, juego23, crea-jugador, Team A, Pepito
2024-06-23 21:11:08, fin, juego23, inicio-partida
2024-06-23 21:11:08, ini, juego23, lanza-dado, Team B, Francisco
2024-06-23 21:11:10, ini, juego23, lanza-dado, Team A, Pepito
2024-06-23 21:11:10, fin, juego23, lanza-dado, Team B, Francisco, 26
2024-06-23 21:11:12, fin, juego23, lanza-dado, Team A, Pepito, 24
2024-06-23 21:11:12, ini, juego23, lanza-dado, Team B, Claudio
2024-06-23 21:11:15, fin, juego23, lanza-dado, Team B, Claudio, 31
2024-06-23 21:11:15, ini, juego23, lanza-dado, Team A, Pepito
2024-06-23 21:11:17, ini, juego23, lanza-dado, Team B, Francisco
2024-06-23 21:11:17, fin, juego23, lanza-dado, Team A, Pepito, 30
2024-06-23 21:11:19, ini, juego23, lanza-dado, Team A, Pepito
2024-06-23 21:11:19, fin, juego23, lanza-dado, Team B, Francisco, 23
2024-06-23 21:11:21, fin, juego23, lanza-dado, Team A, Pepito, 30
2024-06-23 21:11:21, ini, juego23, lanza-dado, Team B, Claudio
2024-06-23 21:11:23, fin, juego23, inicio-partida
2024-06-23 21:11:23, fin, juego23, inicio-partida
2024-06-23 21:11:23, fin, juego23, inicio-juego
2024-06-23 21:11:23, fin, juego23, inicio-partida
2024-06-23 21:11:23, fin, juego23, inicio-juego
2024-06-23 21:11:23, fin, juego23, lanza-dado, Team B, Claudio, 23
2024-06-23 21:11:23, fin, juego23, inicio-juego
